<?xml version="1.0" encoding="UTF-8"?>
<testng-results skipped="0" failed="0" total="1" passed="1">
  <reporter-output>
  </reporter-output>
  <suite name="Default suite" duration-ms="18689" started-at="2017-09-28T14:25:55Z" finished-at="2017-09-28T14:26:14Z">
    <groups>
    </groups>
    <test name="Default test" duration-ms="18689" started-at="2017-09-28T14:25:55Z" finished-at="2017-09-28T14:26:14Z">
      <class name="com.ac.luxtask.Test1">
        <test-method status="PASS" signature="start()[pri:0, instance:com.ac.luxtask.Test1@523884b2]" name="start" is-config="true" duration-ms="16579" started-at="2017-09-28T17:25:55Z" finished-at="2017-09-28T17:26:12Z">
          <reporter-output>
          </reporter-output>
        </test-method> <!-- start -->
        <test-method status="PASS" signature="test1()[pri:0, instance:com.ac.luxtask.Test1@523884b2]" name="test1" duration-ms="951" started-at="2017-09-28T17:26:12Z" finished-at="2017-09-28T17:26:13Z">
          <reporter-output>
          </reporter-output>
        </test-method> <!-- test1 -->
        <test-method status="PASS" signature="stop()[pri:0, instance:com.ac.luxtask.Test1@523884b2]" name="stop" is-config="true" duration-ms="1139" started-at="2017-09-28T17:26:13Z" finished-at="2017-09-28T17:26:14Z">
          <reporter-output>
          </reporter-output>
        </test-method> <!-- stop -->
      </class> <!-- com.ac.luxtask.Test1 -->
    </test> <!-- Default test -->
  </suite> <!-- Default suite -->
</testng-results>
